make --dry-run --always-make --keep-going --print-directory
make: Entering directory `/Users/gchatain/Documents/42/minshell'
make -s -C libft
 
mkdir -p .objects
mkdir -p .objects/built-in
mkdir -p .objects/executing
mkdir -p .objects/main
mkdir -p .objects/parsing
mkdir -p .objects/get_next_line
gcc -Werror -Wall -Wextra  -c sources/built-in/cd.c -o .objects/built-in/cd.o -I/Users/gchatain/.brew/opt/readline/include/ -Iincludes/ -Ilibft/includes/
printf "\033[2K\r\033[34m[BUILD]\033[0m sources/built-in/cd.c"
 
gcc -Werror -Wall -Wextra  -c sources/built-in/exit.c -o .objects/built-in/exit.o -I/Users/gchatain/.brew/opt/readline/include/ -Iincludes/ -Ilibft/includes/
printf "\033[2K\r\033[34m[BUILD]\033[0m sources/built-in/exit.c"
gcc -Werror -Wall -Wextra  -c sources/built-in/export.c -o .objects/built-in/export.o -I/Users/gchatain/.brew/opt/readline/include/ -Iincludes/ -Ilibft/includes/
printf "\033[2K\r\033[34m[BUILD]\033[0m sources/built-in/export.c"
 
gcc -Werror -Wall -Wextra  -c sources/built-in/pwd.c -o .objects/built-in/pwd.o -I/Users/gchatain/.brew/opt/readline/include/ -Iincludes/ -Ilibft/includes/
printf "\033[2K\r\033[34m[BUILD]\033[0m sources/built-in/pwd.c"
gcc -Werror -Wall -Wextra  -c sources/built-in/unset.c -o .objects/built-in/unset.o -I/Users/gchatain/.brew/opt/readline/include/ -Iincludes/ -Ilibft/includes/
printf "\033[2K\r\033[34m[BUILD]\033[0m sources/built-in/unset.c"
gcc -Werror -Wall -Wextra  -c sources/built-in/echo.c -o .objects/built-in/echo.o -I/Users/gchatain/.brew/opt/readline/include/ -Iincludes/ -Ilibft/includes/
printf "\033[2K\r\033[34m[BUILD]\033[0m sources/built-in/echo.c"
gcc -Werror -Wall -Wextra  -c sources/built-in/env.c -o .objects/built-in/env.o -I/Users/gchatain/.brew/opt/readline/include/ -Iincludes/ -Ilibft/includes/
printf "\033[2K\r\033[34m[BUILD]\033[0m sources/built-in/env.c"
gcc -Werror -Wall -Wextra  -c sources/executing/execute_path.c -o .objects/executing/execute_path.o -I/Users/gchatain/.brew/opt/readline/include/ -Iincludes/ -Ilibft/includes/
printf "\033[2K\r\033[34m[BUILD]\033[0m sources/executing/execute_path.c"
 
gcc -Werror -Wall -Wextra  -c sources/main/env_utils.c -o .objects/main/env_utils.o -I/Users/gchatain/.brew/opt/readline/include/ -Iincludes/ -Ilibft/includes/
printf "\033[2K\r\033[34m[BUILD]\033[0m sources/main/env_utils.c"
gcc -Werror -Wall -Wextra  -c sources/main/main.c -o .objects/main/main.o -I/Users/gchatain/.brew/opt/readline/include/ -Iincludes/ -Ilibft/includes/
printf "\033[2K\r\033[34m[BUILD]\033[0m sources/main/main.c"
gcc -Werror -Wall -Wextra  -c sources/main/signal.c -o .objects/main/signal.o -I/Users/gchatain/.brew/opt/readline/include/ -Iincludes/ -Ilibft/includes/
printf "\033[2K\r\033[34m[BUILD]\033[0m sources/main/signal.c"
gcc -Werror -Wall -Wextra  -c sources/main/pipes.c -o .objects/main/pipes.o -I/Users/gchatain/.brew/opt/readline/include/ -Iincludes/ -Ilibft/includes/
printf "\033[2K\r\033[34m[BUILD]\033[0m sources/main/pipes.c"
gcc -Werror -Wall -Wextra  -c sources/parsing/create_cmd.c -o .objects/parsing/create_cmd.o -I/Users/gchatain/.brew/opt/readline/include/ -Iincludes/ -Ilibft/includes/
printf "\033[2K\r\033[34m[BUILD]\033[0m sources/parsing/create_cmd.c"
 
gcc -Werror -Wall -Wextra  -c sources/parsing/parse_utils.c -o .objects/parsing/parse_utils.o -I/Users/gchatain/.brew/opt/readline/include/ -Iincludes/ -Ilibft/includes/
printf "\033[2K\r\033[34m[BUILD]\033[0m sources/parsing/parse_utils.c"
gcc -Werror -Wall -Wextra  -c sources/parsing/parsing_main.c -o .objects/parsing/parsing_main.o -I/Users/gchatain/.brew/opt/readline/include/ -Iincludes/ -Ilibft/includes/
printf "\033[2K\r\033[34m[BUILD]\033[0m sources/parsing/parsing_main.c"
gcc -Werror -Wall -Wextra  -c sources/parsing/ft_lstadd_back2.c -o .objects/parsing/ft_lstadd_back2.o -I/Users/gchatain/.brew/opt/readline/include/ -Iincludes/ -Ilibft/includes/
printf "\033[2K\r\033[34m[BUILD]\033[0m sources/parsing/ft_lstadd_back2.c"
gcc -Werror -Wall -Wextra  -c sources/parsing/ft_lstnew2.c -o .objects/parsing/ft_lstnew2.o -I/Users/gchatain/.brew/opt/readline/include/ -Iincludes/ -Ilibft/includes/
printf "\033[2K\r\033[34m[BUILD]\033[0m sources/parsing/ft_lstnew2.c"
gcc -Werror -Wall -Wextra  -c sources/parsing/char_shell_parse.c -o .objects/parsing/char_shell_parse.o -I/Users/gchatain/.brew/opt/readline/include/ -Iincludes/ -Ilibft/includes/
printf "\033[2K\r\033[34m[BUILD]\033[0m sources/parsing/char_shell_parse.c"
gcc -Werror -Wall -Wextra  -c sources/parsing/clear_cmd.c -o .objects/parsing/clear_cmd.o -I/Users/gchatain/.brew/opt/readline/include/ -Iincludes/ -Ilibft/includes/
printf "\033[2K\r\033[34m[BUILD]\033[0m sources/parsing/clear_cmd.c"
 
gcc -Werror -Wall -Wextra  -c sources/parsing/ft_redirec.c -o .objects/parsing/ft_redirec.o -I/Users/gchatain/.brew/opt/readline/include/ -Iincludes/ -Ilibft/includes/
printf "\033[2K\r\033[34m[BUILD]\033[0m sources/parsing/ft_redirec.c"
gcc -Werror -Wall -Wextra  -c sources/parsing/ft_split_files.c -o .objects/parsing/ft_split_files.o -I/Users/gchatain/.brew/opt/readline/include/ -Iincludes/ -Ilibft/includes/
printf "\033[2K\r\033[34m[BUILD]\033[0m sources/parsing/ft_split_files.c"
gcc -Werror -Wall -Wextra  -c sources/parsing/ft_cmd_args.c -o .objects/parsing/ft_cmd_args.o -I/Users/gchatain/.brew/opt/readline/include/ -Iincludes/ -Ilibft/includes/
printf "\033[2K\r\033[34m[BUILD]\033[0m sources/parsing/ft_cmd_args.c"
 
gcc -Werror -Wall -Wextra  -o minishell -lreadline -L/Users/gchatain/.brew/opt/readline/lib .objects/built-in/cd.o .objects/built-in/exit.o .objects/built-in/export.o .objects/built-in/pwd.o .objects/built-in/unset.o .objects/built-in/echo.o .objects/built-in/env.o .objects/executing/execute_path.o .objects/main/env_utils.o .objects/main/main.o .objects/main/signal.o .objects/main/pipes.o .objects/parsing/create_cmd.o .objects/parsing/parse_utils.o .objects/parsing/parsing_main.o .objects/parsing/ft_lstadd_back2.o .objects/parsing/ft_lstnew2.o .objects/parsing/char_shell_parse.o .objects/parsing/clear_cmd.o .objects/parsing/ft_redirec.o .objects/parsing/ft_split_files.o .objects/parsing/ft_cmd_args.o libft/libft.a -I/Users/gchatain/.brew/opt/readline/include/ -Iincludes/ -Ilibft/includes/
printf "\033[2K\r\033[31m[NORM]\033[0m minishell\n"
make: Leaving directory `/Users/gchatain/Documents/42/minshell'
 
