make all --print-data-base --no-builtin-variables --no-builtin-rules --question
# GNU Make 3.81
# Copyright (C) 2006  Free Software Foundation, Inc.
# This is free software; see the source for copying conditions.
# There is NO warranty; not even for MERCHANTABILITY or FITNESS FOR A
# PARTICULAR PURPOSE.

# This program built for i386-apple-darwin11.3.0
 

# Make data base, printed on Tue May 24 16:35:44 2022

# Variables

 
# automatic
<D = $(patsubst %/,%,$(dir $<))
# automatic
?F = $(notdir $?)
# makefile (from `Makefile', line 24)
SUR = \033[7m
# environment
VSCODE_LOG_NATIVE = false
# automatic
?D = $(patsubst %/,%,$(dir $?))
# makefile (from `Makefile', line 43)
INCLUDES := includes/ libft/includes/ /Users/gchatain/.brew/opt/readline/include/
# automatic
@D = $(patsubst %/,%,$(dir $@))
# automatic
@F = $(notdir $@)
# makefile
CURDIR := /Users/gchatain/Documents/42/minshell
# makefile (from `Makefile', line 19)
PINK = \033[35m
# makefile
SHELL = /bin/sh
# makefile (from `Makefile', line 46)
NORM := 6
# environment
VSCODE_NLS_CONFIG = {"locale":"fr","availableLanguages":{"*":"fr"},"_languagePackId":"25fe6a3290ec415596628d4afc87a88c.fr","_translationsConfigFile":"/Users/gchatain/Library/Application Support/Code/clp/25fe6a3290ec415596628d4afc87a88c.fr/tcf.json","_cacheRoot":"/Users/gchatain/Library/Application Support/Code/clp/25fe6a3290ec415596628d4afc87a88c.fr","_resolvedLanguagePackCoreLocation":"/Users/gchatain/Library/Application Support/Code/clp/25fe6a3290ec415596628d4afc87a88c.fr/57fd6d0195bb9b9d1b49f6da5db789060795de47","_corruptedFile":"/Users/gchatain/Library/Application Support/Code/clp/25fe6a3290ec415596628d4afc87a88c.fr/corrupted.info","_languagePackSupport":true}
# environment
_ = /usr/bin/make
# makefile (from `Makefile', line 18)
BLUE = \033[34m
# makefile (from `Makefile', line 1)
MAKEFILE_LIST :=  Makefile
# makefile (from `Makefile', line 40)
SRCS := sources/built-in/cd.c sources/built-in/exit.c sources/built-in/export.c sources/built-in/pwd.c sources/built-in/unset.c sources/built-in/echo.c sources/built-in/env.c sources/executing/execute_path.c sources/main/env_utils.c sources/main/main.c sources/main/signal.c sources/main/pipes.c sources/parsing/create_cmd.c sources/parsing/parse_utils.c sources/parsing/parsing_main.c sources/parsing/ft_lstadd_back2.c sources/parsing/ft_lstnew2.c sources/parsing/char_shell_parse.c sources/parsing/clear_cmd.c sources/parsing/ft_redirec.c sources/parsing/ft_split_files.c sources/parsing/ft_cmd_args.c
# environment
VSCODE_VERBOSE_LOGGING = true
# makefile (from `Makefile', line 39)
OBJS := .objects/built-in/cd.o .objects/built-in/exit.o .objects/built-in/export.o .objects/built-in/pwd.o .objects/built-in/unset.o .objects/built-in/echo.o .objects/built-in/env.o .objects/executing/execute_path.o .objects/main/env_utils.o .objects/main/main.o .objects/main/signal.o .objects/main/pipes.o .objects/parsing/create_cmd.o .objects/parsing/parse_utils.o .objects/parsing/parsing_main.o .objects/parsing/ft_lstadd_back2.o .objects/parsing/ft_lstnew2.o .objects/parsing/char_shell_parse.o .objects/parsing/clear_cmd.o .objects/parsing/ft_redirec.o .objects/parsing/ft_split_files.o .objects/parsing/ft_cmd_args.o
# makefile (from `Makefile', line 36)
LST_SRCS := built-in/cd.c built-in/exit.c built-in/export.c built-in/pwd.c built-in/unset.c built-in/echo.c built-in/env.c executing/execute_path.c main/env_utils.c main/main.c main/signal.c main/pipes.c parsing/create_cmd.c parsing/parse_utils.c parsing/parsing_main.c parsing/ft_lstadd_back2.c parsing/ft_lstnew2.c parsing/char_shell_parse.c parsing/clear_cmd.c parsing/ft_redirec.c parsing/ft_split_files.c parsing/ft_cmd_args.c 
# environment
P9K_SSH = 0
# environment
VSCODE_IPC_HOOK_EXTHOST = /var/folders/zz/zyxvpxvq6csfxvn_n000b7c0002sv0/T/vscode-ipc-b54c7b7a-1485-4494-bd21-274ab757e4c5.sock
# environment
VSCODE_CWD = /
# environment
Apple_PubSub_Socket_Render = /private/tmp/com.apple.launchd.ZpuHZKRSLW/Render
# environment
PATH = /Users/gchatain/.brew/bin:/Users/gchatain/.brew/bin:/Users/gchatain/.brew/bin:/usr/local/bin:/usr/bin:/bin:/usr/sbin:/sbin:/usr/local/munki:/opt/X11/bin
# makefile (from `Makefile', line 22)
BOLD = \033[1m
# environment
LSCOLORS = Gxfxcxdxbxegedabagacad
# makefile (from `Makefile', line 25)
END = \033[0m
# environment
VSCODE_LOG_STACK = false
# environment
ELECTRON_RUN_AS_NODE = 1
# default
.FEATURES := target-specific order-only second-expansion else-if archives jobserver check-symlink
# makefile (from `Makefile', line 35)
LST_PARSING := create_cmd.c parse_utils.c parsing_main.c ft_lstadd_back2.c ft_lstnew2.c char_shell_parse.c clear_cmd.c ft_redirec.c ft_split_files.c ft_cmd_args.c
# environment
SSH_AUTH_SOCK = /private/tmp/com.apple.launchd.nxGHE5JCqI/Listeners
# automatic
%F = $(notdir $%)
# environment
HOMEBREW_TEMP = /tmp/gchatain/Homebrew/Temp
# environment
DISPLAY = /private/tmp/com.apple.launchd.j3jAetpdJq/org.xquartz:0
# makefile (from `Makefile', line 51)
NORM_RET = "$(ERASE)$(RED)[NORM]$(END) $(NAME)\n"
# environment
VSCODE_PIPE_LOGGING = true
# environment
PWD = /Users/gchatain/Documents/42/minshell
# makefile (from `Makefile', line 14)
GREY = \033[30m
# environment
ORIGINAL_XDG_CURRENT_DESKTOP = undefined
# makefile (from `Makefile', line 16)
GREEN = \033[32m
# makefile (from `Makefile', line 33)
LST_EXEC := execute_path.c
# environment
VSCODE_AMD_ENTRYPOINT = vs/workbench/api/node/extensionHostProcess
# environment
HOME = /Users/gchatain
# default
MAKEFILEPATH := /Applications/Xcode.app/Contents/Developer/Makefiles
# environment
VSCODE_CODE_CACHE_PATH = /Users/gchatain/Library/Application Support/Code/CachedData/57fd6d0195bb9b9d1b49f6da5db789060795de47
# environment
LOGNAME = gchatain
# environment
APPLICATION_INSIGHTS_NO_DIAGNOSTIC_CHANNEL = 1
# environment
ZSH = /Users/gchatain/.oh-my-zsh
# environment
VSCODE_HANDLES_UNCAUGHT_ERRORS = true
# automatic
^D = $(patsubst %/,%,$(dir $^))
# environment
XPC_FLAGS = 0x0
# default
MAKE = $(MAKE_COMMAND)
# default
MAKECMDGOALS := all
# environment
HOMEBREW_CACHE = /tmp/gchatain/Homebrew/Caches
# environment
SHLVL = 1
# makefile (from `Makefile', line 21)
WHITE = \033[37m
# makefile (from `Makefile', line 41)
LIBFT := libft/libft.a
# makefile (from `Makefile', line 32)
LST_BUILT_IN := cd.c exit.c export.c pwd.c unset.c echo.c env.c
# makefile (from `Makefile', line 29)
CC := gcc
# makefile (from `Makefile', line 13)
ERASE = \033[2K\r
# default
MAKE_VERSION := 3.81
# environment
USER = gchatain
# makefile
.DEFAULT_GOAL := all
# makefile (from `Makefile', line 34)
LST_MAIN := env_utils.c main.c signal.c pipes.c
# makefile (from `Makefile', line 27)
NAME := minishell
# environment
LESS = -R
# automatic
%D = $(patsubst %/,%,$(dir $%))
# default
MAKE_COMMAND := /Applications/Xcode.app/Contents/Developer/usr/bin/make
# default
.VARIABLES := 
# environment
TMPDIR = /var/folders/zz/zyxvpxvq6csfxvn_n000b7c0002sv0/T/
# automatic
*F = $(notdir $*)
# environment
VSCODE_IPC_HOOK = /Users/gchatain/Library/Application Support/Code/1.67.0-main.sock
# makefile (from `Makefile', line 23)
UNDER = \033[4m
# makefile (from `Makefile', line 15)
RED = \033[31m
# makefile
MAKEFLAGS = sRrqp
# environment
MFLAGS = -sRrqp
# automatic
*D = $(patsubst %/,%,$(dir $*))
# environment
XPC_SERVICE_NAME = com.apple.xpc.launchd.oneshot.0x10000001.Electron
# automatic
+D = $(patsubst %/,%,$(dir $+))
# makefile (from `Makefile', line 17)
YELLOW = \033[33m
# makefile (from `Makefile', line 20)
CYAN = \033[36m
# automatic
+F = $(notdir $+)
# environment
__CF_USER_TEXT_ENCODING = 0x16760:0x0:0x0
# environment
COMMAND_MODE = unix2003
# default
MAKEFILES := 
# automatic
<F = $(notdir $<)
# makefile (from `Makefile', line 31)
LST_GNL := 
# makefile (from `Makefile', line 44)
DIR_INCLUDES := -I/Users/gchatain/.brew/opt/readline/include/ -Iincludes/ -Ilibft/includes/
# environment
PAGER = less
# environment
LC_ALL = C
# makefile (from `Makefile', line 38)
LST_OBJS := built-in/cd.o built-in/exit.o built-in/export.o built-in/pwd.o built-in/unset.o built-in/echo.o built-in/env.o executing/execute_path.o main/env_utils.o main/main.o main/signal.o main/pipes.o parsing/create_cmd.o parsing/parse_utils.o parsing/parsing_main.o parsing/ft_lstadd_back2.o parsing/ft_lstnew2.o parsing/char_shell_parse.o parsing/clear_cmd.o parsing/ft_redirec.o parsing/ft_split_files.o parsing/ft_cmd_args.o
# environment
SECURITYSESSIONID = 186a8
# automatic
^F = $(notdir $^)
# default
SUFFIXES := 
# makefile (from `Makefile', line 28)
FLAGS := -Werror -Wall -Wextra 
# default
.INCLUDE_DIRS = /usr/local/include
# environment
MAKELEVEL := 0
# environment
LANG = C
 
# environment
VSCODE_PID = 82343
# variable set hash-table stats:
# Load=101/1024=10%, Rehash=0, Collisions=9/146=6%

# Pattern-specific Variable Values

# No pattern-specific variable values.

# Directories

# . (device 16777229, inode 1847617): 18 files, no impossibilities.

# 18 files, no impossibilities in 1 directories.

# Implicit Rules

.objects/%.o: sources/%.c includes/ libft/includes/ /Users/gchatain/.brew/opt/readline/include/ | .objects
#  commands to execute (from `Makefile', line 57):
	${CC} ${FLAGS} -c $< -o $@ ${DIR_INCLUDES}
	printf "${ERASE}${BLUE}[BUILD]${END} $<"
	

# 1 implicit rules, 0 (0.0%) terminal.

# Files

# Not a target:
.objects/parsing/ft_split_files.o:
#  Implicit rule search has not been done.
#  Modification time never checked.
#  File has not been updated.

# Not a target:
.objects/main/signal.o:
#  Implicit rule search has not been done.
#  Modification time never checked.
#  File has not been updated.

# Not a target:
includes/:
#  Implicit rule search has not been done.
#  Modification time never checked.
#  File has not been updated.

# Not a target:
.objects/built-in/echo.o:
#  Implicit rule search has not been done.
#  Modification time never checked.
#  File has not been updated.

# Not a target:
.objects/built-in/export.o:
#  Implicit rule search has not been done.
#  Modification time never checked.
#  File has not been updated.

# Not a target:
.objects/parsing/ft_lstadd_back2.o:
#  Implicit rule search has not been done.
#  Modification time never checked.
#  File has not been updated.

.objects:
#  Implicit rule search has not been done.
#  Modification time never checked.
#  File has not been updated.
#  commands to execute (from `Makefile', line 76):
	mkdir -p .objects
	mkdir -p .objects/built-in
	mkdir -p .objects/executing
	mkdir -p .objects/main
	mkdir -p .objects/parsing
	mkdir -p .objects/get_next_line
	

all: compilation minishell
#  Phony target (prerequisite of .PHONY).
#  Command-line target.
#  Implicit rule search has not been done.
#  File does not exist.
#  File has been updated.
#  Needs to be updated (-q is set).
# variable set hash-table stats:
# Load=0/32=0%, Rehash=0, Collisions=0/2=0%

# Not a target:
/Users/gchatain/.brew/opt/readline/include/:
#  Implicit rule search has not been done.
#  Modification time never checked.
#  File has not been updated.

.PHONY: all re fclean clean compilation
#  Implicit rule search has not been done.
#  Modification time never checked.
#  File has not been updated.

# Not a target:
.objects/main/pipes.o:
#  Implicit rule search has not been done.
#  Modification time never checked.
#  File has not been updated.

# Not a target:
.SUFFIXES:
#  Implicit rule search has not been done.
#  Modification time never checked.
#  File has not been updated.

# Not a target:
Makefile:
#  Implicit rule search has been done.
#  Last modified 2022-05-24 16:35:41
#  File has been updated.
#  Successfully updated.
# variable set hash-table stats:
# Load=0/32=0%, Rehash=0, Collisions=0/0=0%

# Not a target:
.objects/built-in/env.o:
#  Implicit rule search has not been done.
#  Modification time never checked.
#  File has not been updated.

# Not a target:
.objects/parsing/parsing_main.o:
#  Implicit rule search has not been done.
#  Modification time never checked.
#  File has not been updated.

# Not a target:
.objects/built-in/exit.o:
#  Implicit rule search has not been done.
#  Modification time never checked.
#  File has not been updated.

minishell: .objects/built-in/cd.o .objects/built-in/exit.o .objects/built-in/export.o .objects/built-in/pwd.o .objects/built-in/unset.o .objects/built-in/echo.o .objects/built-in/env.o .objects/executing/execute_path.o .objects/main/env_utils.o .objects/main/main.o .objects/main/signal.o .objects/main/pipes.o .objects/parsing/create_cmd.o .objects/parsing/parse_utils.o .objects/parsing/parsing_main.o .objects/parsing/ft_lstadd_back2.o .objects/parsing/ft_lstnew2.o .objects/parsing/char_shell_parse.o .objects/parsing/clear_cmd.o .objects/parsing/ft_redirec.o .objects/parsing/ft_split_files.o .objects/parsing/ft_cmd_args.o Makefile includes/ libft/includes/ /Users/gchatain/.brew/opt/readline/include/
#  Implicit rule search has not been done.
#  Modification time never checked.
#  File has not been updated.
#  commands to execute (from `Makefile', line 61):
	${CC} ${FLAGS} -o ${NAME} -lreadline -L$(shell brew --prefix readline)/lib ${OBJS} ${LIBFT} ${DIR_INCLUDES}
	printf $(NORM_RET)
	

fclean: clean
#  Phony target (prerequisite of .PHONY).
#  Implicit rule search has not been done.
#  File does not exist.
#  File has not been updated.
#  commands to execute (from `Makefile', line 70):
	${RM} -r ${NAME} .objects
	printf "${ERASE}${RED}[DELETE]${END} ${NAME}\n"
	

# Not a target:
.objects/parsing/char_shell_parse.o:
#  Implicit rule search has not been done.
#  Modification time never checked.
#  File has not been updated.

# Not a target:
.objects/main/main.o:
#  Implicit rule search has not been done.
#  Modification time never checked.
#  File has not been updated.

# Not a target:
.objects/built-in/unset.o:
#  Implicit rule search has not been done.
#  Modification time never checked.
#  File has not been updated.

.SILENT:
#  Implicit rule search has not been done.
#  Modification time never checked.
#  File has not been updated.

# Not a target:
.objects/parsing/ft_lstnew2.o:
#  Implicit rule search has not been done.
#  Modification time never checked.
#  File has not been updated.

# Not a target:
.DEFAULT:
#  Implicit rule search has not been done.
#  Modification time never checked.
#  File has not been updated.

# Not a target:
.objects/parsing/clear_cmd.o:
#  Implicit rule search has not been done.
#  Modification time never checked.
#  File has not been updated.

# Not a target:
.objects/parsing/parse_utils.o:
#  Implicit rule search has not been done.
#  Modification time never checked.
#  File has not been updated.

# Not a target:
libft/includes/:
#  Implicit rule search has not been done.
#  Modification time never checked.
#  File has not been updated.

# Not a target:
.objects/parsing/ft_cmd_args.o:
#  Implicit rule search has not been done.
#  Modification time never checked.
#  File has not been updated.

# Not a target:
.objects/executing/execute_path.o:
#  Implicit rule search has not been done.
#  Modification time never checked.
#  File has not been updated.

re: fclean all
#  Phony target (prerequisite of .PHONY).
#  Implicit rule search has not been done.
#  File does not exist.
#  File has not been updated.

clean:
#  Phony target (prerequisite of .PHONY).
#  Implicit rule search has not been done.
#  File does not exist.
#  File has not been updated.
#  commands to execute (from `Makefile', line 65):
	${RM} ${OBJS}
	@make fclean -s -C libft
	printf "${RED}[DELETE]${END} directory .objects"
	

# Not a target:
.objects/parsing/ft_redirec.o:
#  Implicit rule search has not been done.
#  Modification time never checked.
#  File has not been updated.

# Not a target:
.objects/main/env_utils.o:
#  Implicit rule search has not been done.
#  Modification time never checked.
#  File has not been updated.

# Not a target:
.objects/built-in/pwd.o:
#  Implicit rule search has not been done.
#  Modification time never checked.
#  File has not been updated.

compilation:
#  Phony target (prerequisite of .PHONY).
#  Implicit rule search has not been done.
#  Implicit/static pattern stem: `'
#  File does not exist.
#  File has been updated.
#  Needs to be updated (-q is set).
# automatic
# @ := compilation
# automatic
# % := 
# automatic
# * := 
# automatic
# + := 
# automatic
# | := 
# automatic
# < := 
# automatic
# ^ := 
# automatic
# ? := 
# variable set hash-table stats:
# Load=8/32=25%, Rehash=0, Collisions=1/10=10%
#  commands to execute (from `Makefile', line 84):
	make -s -C libft
	

# Not a target:
.objects/built-in/cd.o:
#  Implicit rule search has not been done.
#  Modification time never checked.
#  File has not been updated.

# Not a target:
.objects/parsing/create_cmd.o:
#  Implicit rule search has not been done.
#  Modification time never checked.
#  File has not been updated.

 
# files hash-table stats:
# Load=37/1024=4%, Rehash=0, Collisions=3/87=3%
# VPATH Search Paths

# No `vpath' search paths.

# No general (`VPATH' variable) search path.

# # of strings in strcache: 1
# # of strcache buffers: 1
# strcache size: total = 4096 / max = 4096 / min = 4096 / avg = 4096
# strcache free: total = 4087 / max = 4087 / min = 4087 / avg = 4087

# Finished Make data base on Tue May 24 16:35:44 2022

 
